{
  "RSpec": {
    "coverage": {
      "/home/victorpow/workspace/cabinet/app/models/document.rb": {
        "lines": [
          1,
          null
        ]
      },
      "/home/victorpow/workspace/cabinet/app/models/application_record.rb": {
        "lines": [
          1,
          1,
          null
        ]
      },
      "/home/victorpow/workspace/cabinet/app/controllers/application_controller.rb": {
        "lines": [
          1,
          null
        ]
      },
      "/home/victorpow/workspace/cabinet/app/controllers/home_controller.rb": {
        "lines": [
          1,
          1,
          null
        ]
      },
      "/home/victorpow/workspace/cabinet/app/controllers/documents_controller.rb": {
        "lines": [
          1,
          1,
          1,
          null,
          null
        ]
      }
    },
    "timestamp": 1586488631
  }
}
